生成启动时间为 2015/12/3 12:44:33。
     1>项目“D:\Documents\Visual Studio 2010\Projects\ADBrute\ADBrute\ADBrute.vcxproj”在节点 2 上(build 个目标)。
     1>InitializeBuildStatus:
         正在创建“Debug\ADBrute.unsuccessfulbuild”，因为已指定“AlwaysCreate”。
       ClCompile:
         C:\Program Files (x86)\Microsoft Visual Studio 10.0\VC\bin\CL.exe /c /ZI /nologo /W3 /WX- /Od /Oy- /D _MBCS /Gm /EHsc /RTC1 /MDd /GS /fp:precise /Zc:wchar_t /Zc:forScope /Fo"Debug\\" /Fd"Debug\vc100.pdb" /Gd /TP /analyze- /errorReport:prompt bag.cpp main.cpp marry.cpp
         marry.cpp
     1>d:\documents\visual studio 2010\projects\adbrute\adbrute\marry.cpp(37): warning C4101: “count”: 未引用的局部变量
         main.cpp
         bag.cpp
         正在生成代码...
       Link:
         C:\Program Files (x86)\Microsoft Visual Studio 10.0\VC\bin\link.exe /ERRORREPORT:PROMPT /OUT:"d:\documents\visual studio 2010\Projects\DivideAndConquer\Debug\ADBrute.exe" /NOLOGO asc.lib kernel32.lib user32.lib gdi32.lib winspool.lib comdlg32.lib advapi32.lib shell32.lib ole32.lib oleaut32.lib uuid.lib odbc32.lib odbccp32.lib /MANIFEST /ManifestFile:"Debug\ADBrute.exe.intermediate.manifest" /MANIFESTUAC:"level='asInvoker' uiAccess='false'" /DEBUG /PDB:"d:\documents\visual studio 2010\Projects\DivideAndConquer\Debug\ADBrute.pdb" /TLBID:1 /DYNAMICBASE /NXCOMPAT /IMPLIB:"d:\documents\visual studio 2010\Projects\DivideAndConquer\Debug\ADBrute.lib" /MACHINE:X86 Debug\bag.obj
         Debug\main.obj
         Debug\marry.obj
         ADBrute.vcxproj -> d:\documents\visual studio 2010\Projects\DivideAndConquer\Debug\ADBrute.exe
       Manifest:
         C:\Program Files (x86)\Microsoft SDKs\Windows\v7.0A\bin\mt.exe /nologo /verbose /outputresource:"d:\documents\visual studio 2010\Projects\DivideAndConquer\Debug\ADBrute.exe;#1" /manifest Debug\ADBrute.exe.intermediate.manifest
       FinalizeBuildStatus:
         正在删除文件“Debug\ADBrute.unsuccessfulbuild”。
         正在对“Debug\ADBrute.lastbuildstate”执行 Touch 任务。
     1>已完成生成项目“D:\Documents\Visual Studio 2010\Projects\ADBrute\ADBrute\ADBrute.vcxproj”(build 个目标)的操作。

生成成功。

已用时间 00:00:03.32
